### Starting TaskPrologue of job 1883400 on a0703 at Fri Jul 19 22:20:50 CEST 2024
Running on cores 104-119 with governor ondemand
Fri Jul 19 22:20:50 2024       
+-----------------------------------------------------------------------------------------+
| NVIDIA-SMI 555.42.06              Driver Version: 555.42.06      CUDA Version: 12.5     |
|-----------------------------------------+------------------------+----------------------+
| GPU  Name                 Persistence-M | Bus-Id          Disp.A | Volatile Uncorr. ECC |
| Fan  Temp   Perf          Pwr:Usage/Cap |           Memory-Usage | GPU-Util  Compute M. |
|                                         |                        |               MIG M. |
|=========================================+========================+======================|
|   0  NVIDIA A100-SXM4-40GB          On  |   00000000:D1:00.0 Off |                    0 |
| N/A   38C    P0             58W /  400W |       1MiB /  40960MiB |      0%      Default |
|                                         |                        |             Disabled |
+-----------------------------------------+------------------------+----------------------+
                                                                                         
+-----------------------------------------------------------------------------------------+
| Processes:                                                                              |
|  GPU   GI   CI        PID   Type   Process name                              GPU Memory |
|        ID   ID                                                               Usage      |
|=========================================================================================|
|  No running processes found                                                             |
+-----------------------------------------------------------------------------------------+
### Finished TaskPrologue

BOX: 300
262144, Time: 4.46057 seconds
=== JOB_STATISTICS ===
=== current date     : Fri Jul 19 22:20:55 CEST 2024
= Job-ID             : 1883400 on alex
= Job-Name           : particle_simulation
= Job-Command        : /home/hpc/hesp/hesp123h/HESP---SS2024/task6/batch.sh
= Initial workdir    : /home/hpc/hesp/hesp123h/HESP---SS2024/task6
= Queue/Partition    : a100
= Slurm account      : hesp with QOS=normal
= Requested resources:  for 06:00:00
= Elapsed runtime    : 00:00:11
= Total RAM usage    : 0.0 GiB of assigned  GiB (%)
= Node list          : a0703
= Subm/Elig/Start/End: 2024-07-19T22:20:44 / 2024-07-19T22:20:44 / 2024-07-19T22:20:44 / 2024-07-19T22:20:55
======================
=== Quota infos ======
    Path              Used     SoftQ    HardQ    Gracetime  Filec    FileQ    FiHaQ    FileGrace    
    /home/woody          0.0K  1000.0G  1500.0G        N/A       1    5,000K   7,500K        N/A    
    /home/hpc          410.2M   104.9G   209.7G        N/A     504      500K   1,000K        N/A    
======================
=== GPU utilization ==
gpu_name, gpu_bus_id, pid, gpu_utilization [%], mem_utilization [%], max_memory_usage [MiB], time [ms]
NVIDIA A100-SXM4-40GB, 00000000:D1:00.0, 2256909, 13 %, 0 %, 430 MiB, 4602 ms
