### Starting TaskPrologue of job 1856938 on a0531 at Mon Jul  8 12:56:49 CEST 2024
Running on cores 80-95 with governor ondemand
Mon Jul  8 12:56:49 2024       
+-----------------------------------------------------------------------------------------+
| NVIDIA-SMI 555.42.06              Driver Version: 555.42.06      CUDA Version: 12.5     |
|-----------------------------------------+------------------------+----------------------+
| GPU  Name                 Persistence-M | Bus-Id          Disp.A | Volatile Uncorr. ECC |
| Fan  Temp   Perf          Pwr:Usage/Cap |           Memory-Usage | GPU-Util  Compute M. |
|                                         |                        |               MIG M. |
|=========================================+========================+======================|
|   0  NVIDIA A100-SXM4-80GB          On  |   00000000:96:00.0 Off |                    0 |
| N/A   34C    P0             64W /  400W |       1MiB /  81920MiB |      0%      Default |
|                                         |                        |             Disabled |
+-----------------------------------------+------------------------+----------------------+
                                                                                         
+-----------------------------------------------------------------------------------------+
| Processes:                                                                              |
|  GPU   GI   CI        PID   Type   Process name                              GPU Memory |
|        ID   ID                                                               Usage      |
|=========================================================================================|
|  No running processes found                                                             |
+-----------------------------------------------------------------------------------------+
### Finished TaskPrologue

BOX: 300
2097152, Time: 467.948 seconds
=== JOB_STATISTICS ===
=== current date     : Mon Jul  8 13:04:38 CEST 2024
= Job-ID             : 1856938 on alex
= Job-Name           : particle_simulation
= Job-Command        : /home/hpc/hesp/hesp123h/HESP---SS2024/task6/batch.sh
= Initial workdir    : /home/hpc/hesp/hesp123h/HESP---SS2024/task6
= Queue/Partition    : a100
= Slurm account      : hesp with QOS=normal
= Requested resources:  for 06:00:00
= Elapsed runtime    : 00:07:50
= Total RAM usage    : 0.0 GiB of assigned  GiB (%)
= Node list          : a0531
= Subm/Elig/Start/End: 2024-07-08T12:56:47 / 2024-07-08T12:56:47 / 2024-07-08T12:56:48 / 2024-07-08T13:04:38
======================
=== Quota infos ======
    Path              Used     SoftQ    HardQ    Gracetime  Filec    FileQ    FiHaQ    FileGrace    
    /home/woody          0.0K  1000.0G  1500.0G        N/A       1    5,000K   7,500K        N/A    
    /home/hpc          320.6M   104.9G   209.7G        N/A     310      500K   1,000K        N/A    
======================
=== GPU utilization ==
gpu_name, gpu_bus_id, pid, gpu_utilization [%], mem_utilization [%], max_memory_usage [MiB], time [ms]
NVIDIA A100-SXM4-80GB, 00000000:96:00.0, 1615754, 98 %, 2 %, 414 MiB, 468073 ms
