### Starting TaskPrologue of job 1883572 on a0801 at Sat Jul 20 00:21:43 CEST 2024
Running on cores 64-79 with governor ondemand
Sat Jul 20 00:21:43 2024       
+-----------------------------------------------------------------------------------------+
| NVIDIA-SMI 555.42.06              Driver Version: 555.42.06      CUDA Version: 12.5     |
|-----------------------------------------+------------------------+----------------------+
| GPU  Name                 Persistence-M | Bus-Id          Disp.A | Volatile Uncorr. ECC |
| Fan  Temp   Perf          Pwr:Usage/Cap |           Memory-Usage | GPU-Util  Compute M. |
|                                         |                        |               MIG M. |
|=========================================+========================+======================|
|   0  NVIDIA A100-SXM4-40GB          On  |   00000000:90:00.0 Off |                    0 |
| N/A   41C    P0             57W /  400W |       1MiB /  40960MiB |      0%      Default |
|                                         |                        |             Disabled |
+-----------------------------------------+------------------------+----------------------+
                                                                                         
+-----------------------------------------------------------------------------------------+
| Processes:                                                                              |
|  GPU   GI   CI        PID   Type   Process name                              GPU Memory |
|        ID   ID                                                               Usage      |
|=========================================================================================|
|  No running processes found                                                             |
+-----------------------------------------------------------------------------------------+
### Finished TaskPrologue

BOX: 300
262144, Time: 9.14129 seconds
=== JOB_STATISTICS ===
=== current date     : Sat Jul 20 00:21:53 CEST 2024
= Job-ID             : 1883572 on alex
= Job-Name           : particle_simulation
= Job-Command        : /home/hpc/hesp/hesp123h/HESP---SS2024/task5/batch.sh
= Initial workdir    : /home/hpc/hesp/hesp123h/HESP---SS2024/task5
= Queue/Partition    : a100
= Slurm account      : hesp with QOS=normal
= Requested resources:  for 06:00:00
= Elapsed runtime    : 00:00:12
= Total RAM usage    : 0.0 GiB of assigned  GiB (%)
= Node list          : a0801
= Subm/Elig/Start/End: 2024-07-20T00:21:40 / 2024-07-20T00:21:40 / 2024-07-20T00:21:41 / 2024-07-20T00:21:53
======================
=== Quota infos ======
    Path              Used     SoftQ    HardQ    Gracetime  Filec    FileQ    FiHaQ    FileGrace    
    /home/woody          0.0K  1000.0G  1500.0G        N/A       1    5,000K   7,500K        N/A    
    /home/hpc          772.0M   104.9G   209.7G        N/A     576      500K   1,000K        N/A    
======================
=== GPU utilization ==
gpu_name, gpu_bus_id, pid, gpu_utilization [%], mem_utilization [%], max_memory_usage [MiB], time [ms]
NVIDIA A100-SXM4-40GB, 00000000:90:00.0, 2424828, 39 %, 0 %, 414 MiB, 9259 ms
